2013-05-27 12:20:15 Error: [MissingPluginException] Plugin DebugKit could not be found.
Exception Attributes: array (
  'plugin' => 'DebugKit',
)
Request URL: /sample/
Stack Trace:
#0 /Applications/XAMPP/xamppfiles/htdocs/sample/lib/Cake/Core/App.php(366): CakePlugin::path('DebugKit')
#1 /Applications/XAMPP/xamppfiles/htdocs/sample/lib/Cake/Core/App.php(227): App::pluginPath('DebugKit')
#2 /Applications/XAMPP/xamppfiles/htdocs/sample/lib/Cake/Core/App.php(544): App::path('Controller/Comp...', 'DebugKit')
#3 [internal function]: App::load('ToolbarComponen...')
#4 [internal function]: spl_autoload_call('ToolbarComponen...')
#5 /Applications/XAMPP/xamppfiles/htdocs/sample/lib/Cake/Controller/ComponentCollection.php(100): class_exists('ToolbarComponen...')
#6 /Applications/XAMPP/xamppfiles/htdocs/sample/lib/Cake/Controller/ComponentCollection.php(53): ComponentCollection->load('DebugKit.Toolba...', Array)
#7 /Applications/XAMPP/xamppfiles/htdocs/sample/lib/Cake/Controller/Controller.php(635): ComponentCollection->init(Object(PagesController))
#8 /Applications/XAMPP/xamppfiles/htdocs/sample/lib/Cake/Routing/Dispatcher.php(183): Controller->constructClasses()
#9 /Applications/XAMPP/xamppfiles/htdocs/sample/lib/Cake/Routing/Dispatcher.php(162): Dispatcher->_invoke(Object(PagesController), Object(CakeRequest), Object(CakeResponse))
#10 /Applications/XAMPP/xamppfiles/htdocs/sample/app/webroot/index.php(109): Dispatcher->dispatch(Object(CakeRequest), Object(CakeResponse))
#11 {main}
2013-05-27 12:26:31 Error: [MissingControllerException] Controller class BoardsController could not be found.
Exception Attributes: array (
  'class' => 'BoardsController',
  'plugin' => NULL,
)
Request URL: /sample/boards
Stack Trace:
#0 /Applications/XAMPP/xamppfiles/htdocs/sample/app/webroot/index.php(109): Dispatcher->dispatch(Object(CakeRequest), Object(CakeResponse))
#1 {main}
2013-05-27 12:27:34 Error: [MissingControllerException] Controller class BoardController could not be found.
Exception Attributes: array (
  'class' => 'BoardController',
  'plugin' => NULL,
)
Request URL: /sample/board
Stack Trace:
#0 /Applications/XAMPP/xamppfiles/htdocs/sample/app/webroot/index.php(109): Dispatcher->dispatch(Object(CakeRequest), Object(CakeResponse))
#1 {main}
2013-05-27 12:27:39 Error: [MissingControllerException] Controller class BoardsController could not be found.
Exception Attributes: array (
  'class' => 'BoardsController',
  'plugin' => NULL,
)
Request URL: /sample/boards
Stack Trace:
#0 /Applications/XAMPP/xamppfiles/htdocs/sample/app/webroot/index.php(109): Dispatcher->dispatch(Object(CakeRequest), Object(CakeResponse))
#1 {main}
2013-06-08 05:01:01 Error: [PDOException] SQLSTATE[HY000]: General error: 1 Can't create/write to file '/var/folders/xt/cxsjmhcd0pg646gwmp5j5pgr0000gn/T/#sql15f_1_1.MYI' (Errcode: 13)
Request URL: /cake/sample/personals
Stack Trace:
#0 /Applications/XAMPP/xamppfiles/htdocs/cake/sample/lib/Cake/Model/Datasource/DboSource.php(460): PDOStatement->execute(Array)
#1 /Applications/XAMPP/xamppfiles/htdocs/cake/sample/lib/Cake/Model/Datasource/Database/Mysql.php(310): DboSource->_execute('SHOW FULL COLUM...')
#2 /Applications/XAMPP/xamppfiles/htdocs/cake/sample/lib/Cake/Model/Model.php(1322): Mysql->describe(Object(AppModel))
#3 /Applications/XAMPP/xamppfiles/htdocs/cake/sample/lib/Cake/Model/Model.php(1402): Model->schema()
#4 /Applications/XAMPP/xamppfiles/htdocs/cake/sample/lib/Cake/Model/Model.php(1390): Model->hasField('title', false)
#5 /Applications/XAMPP/xamppfiles/htdocs/cake/sample/lib/Cake/Model/Model.php(879): Model->hasField(Array)
#6 /Applications/XAMPP/xamppfiles/htdocs/cake/sample/lib/Cake/Controller/Scaffold.php(132): Model->__get('displayField')
#7 /Applications/XAMPP/xamppfiles/htdocs/cake/sample/lib/Cake/Controller/Controller.php(531): Scaffold->__construct(Object(PersonalsController), Object(CakeRequest))
#8 /Applications/XAMPP/xamppfiles/htdocs/cake/sample/lib/Cake/Controller/Controller.php(490): Controller->_getScaffold(Object(CakeRequest))
#9 /Applications/XAMPP/xamppfiles/htdocs/cake/sample/lib/Cake/Routing/Dispatcher.php(187): Controller->invokeAction(Object(CakeRequest))
#10 /Applications/XAMPP/xamppfiles/htdocs/cake/sample/lib/Cake/Routing/Dispatcher.php(162): Dispatcher->_invoke(Object(PersonalsController), Object(CakeRequest), Object(CakeResponse))
#11 /Applications/XAMPP/xamppfiles/htdocs/cake/sample/app/webroot/index.php(109): Dispatcher->dispatch(Object(CakeRequest), Object(CakeResponse))
#12 {main}
2013-06-08 05:01:16 Error: [PDOException] SQLSTATE[HY000]: General error: 1 Can't create/write to file '/var/folders/xt/cxsjmhcd0pg646gwmp5j5pgr0000gn/T/#sql15f_3_1.MYI' (Errcode: 13)
Request URL: /cake/sample/boards
Stack Trace:
#0 /Applications/XAMPP/xamppfiles/htdocs/cake/sample/lib/Cake/Model/Datasource/DboSource.php(460): PDOStatement->execute(Array)
#1 /Applications/XAMPP/xamppfiles/htdocs/cake/sample/lib/Cake/Model/Datasource/Database/Mysql.php(310): DboSource->_execute('SHOW FULL COLUM...')
#2 /Applications/XAMPP/xamppfiles/htdocs/cake/sample/lib/Cake/Model/Model.php(1322): Mysql->describe(Object(Board))
#3 /Applications/XAMPP/xamppfiles/htdocs/cake/sample/lib/Cake/Model/Datasource/DboSource.php(2295): Model->schema()
#4 /Applications/XAMPP/xamppfiles/htdocs/cake/sample/lib/Cake/Model/Datasource/DboSource.php(1051): DboSource->fields(Object(Board))
#5 /Applications/XAMPP/xamppfiles/htdocs/cake/sample/lib/Cake/Model/Model.php(2696): DboSource->read(Object(Board), Array)
#6 /Applications/XAMPP/xamppfiles/htdocs/cake/sample/app/Controller/BoardsController.php(14): Model->find('all')
#7 [internal function]: BoardsController->index()
#8 /Applications/XAMPP/xamppfiles/htdocs/cake/sample/lib/Cake/Controller/Controller.php(486): ReflectionMethod->invokeArgs(Object(BoardsController), Array)
#9 /Applications/XAMPP/xamppfiles/htdocs/cake/sample/lib/Cake/Routing/Dispatcher.php(187): Controller->invokeAction(Object(CakeRequest))
#10 /Applications/XAMPP/xamppfiles/htdocs/cake/sample/lib/Cake/Routing/Dispatcher.php(162): Dispatcher->_invoke(Object(BoardsController), Object(CakeRequest), Object(CakeResponse))
#11 /Applications/XAMPP/xamppfiles/htdocs/cake/sample/app/webroot/index.php(109): Dispatcher->dispatch(Object(CakeRequest), Object(CakeResponse))
#12 {main}
2013-06-08 05:02:02 Error: [MissingControllerException] Controller class PersonalController could not be found.
Exception Attributes: array (
  'class' => 'PersonalController',
  'plugin' => NULL,
)
Request URL: /cake/sample/personal
Stack Trace:
#0 /Applications/XAMPP/xamppfiles/htdocs/cake/sample/app/webroot/index.php(109): Dispatcher->dispatch(Object(CakeRequest), Object(CakeResponse))
#1 {main}
2013-06-08 05:02:05 Error: [PDOException] SQLSTATE[HY000]: General error: 1 Can't create/write to file '/var/folders/xt/cxsjmhcd0pg646gwmp5j5pgr0000gn/T/#sql15f_4_1.MYI' (Errcode: 13)
Request URL: /cake/sample/personals
Stack Trace:
#0 /Applications/XAMPP/xamppfiles/htdocs/cake/sample/lib/Cake/Model/Datasource/DboSource.php(460): PDOStatement->execute(Array)
#1 /Applications/XAMPP/xamppfiles/htdocs/cake/sample/lib/Cake/Model/Datasource/Database/Mysql.php(310): DboSource->_execute('SHOW FULL COLUM...')
#2 /Applications/XAMPP/xamppfiles/htdocs/cake/sample/lib/Cake/Model/Model.php(1322): Mysql->describe(Object(AppModel))
#3 /Applications/XAMPP/xamppfiles/htdocs/cake/sample/lib/Cake/Model/Model.php(1402): Model->schema()
#4 /Applications/XAMPP/xamppfiles/htdocs/cake/sample/lib/Cake/Model/Model.php(1390): Model->hasField('title', false)
#5 /Applications/XAMPP/xamppfiles/htdocs/cake/sample/lib/Cake/Model/Model.php(879): Model->hasField(Array)
#6 /Applications/XAMPP/xamppfiles/htdocs/cake/sample/lib/Cake/Controller/Scaffold.php(132): Model->__get('displayField')
#7 /Applications/XAMPP/xamppfiles/htdocs/cake/sample/lib/Cake/Controller/Controller.php(531): Scaffold->__construct(Object(PersonalsController), Object(CakeRequest))
#8 /Applications/XAMPP/xamppfiles/htdocs/cake/sample/lib/Cake/Controller/Controller.php(490): Controller->_getScaffold(Object(CakeRequest))
#9 /Applications/XAMPP/xamppfiles/htdocs/cake/sample/lib/Cake/Routing/Dispatcher.php(187): Controller->invokeAction(Object(CakeRequest))
#10 /Applications/XAMPP/xamppfiles/htdocs/cake/sample/lib/Cake/Routing/Dispatcher.php(162): Dispatcher->_invoke(Object(PersonalsController), Object(CakeRequest), Object(CakeResponse))
#11 /Applications/XAMPP/xamppfiles/htdocs/cake/sample/app/webroot/index.php(109): Dispatcher->dispatch(Object(CakeRequest), Object(CakeResponse))
#12 {main}
2013-06-08 05:03:37 Error: [PDOException] SQLSTATE[HY000]: General error: 1 Can't create/write to file '/var/folders/xt/cxsjmhcd0pg646gwmp5j5pgr0000gn/T/#sql1e3_1_1.MYI' (Errcode: 13)
Request URL: /cake/sample/personals
Stack Trace:
#0 /Applications/XAMPP/xamppfiles/htdocs/cake/sample/lib/Cake/Model/Datasource/DboSource.php(460): PDOStatement->execute(Array)
#1 /Applications/XAMPP/xamppfiles/htdocs/cake/sample/lib/Cake/Model/Datasource/Database/Mysql.php(310): DboSource->_execute('SHOW FULL COLUM...')
#2 /Applications/XAMPP/xamppfiles/htdocs/cake/sample/lib/Cake/Model/Model.php(1322): Mysql->describe(Object(AppModel))
#3 /Applications/XAMPP/xamppfiles/htdocs/cake/sample/lib/Cake/Model/Model.php(1402): Model->schema()
#4 /Applications/XAMPP/xamppfiles/htdocs/cake/sample/lib/Cake/Model/Model.php(1390): Model->hasField('title', false)
#5 /Applications/XAMPP/xamppfiles/htdocs/cake/sample/lib/Cake/Model/Model.php(879): Model->hasField(Array)
#6 /Applications/XAMPP/xamppfiles/htdocs/cake/sample/lib/Cake/Controller/Scaffold.php(132): Model->__get('displayField')
#7 /Applications/XAMPP/xamppfiles/htdocs/cake/sample/lib/Cake/Controller/Controller.php(531): Scaffold->__construct(Object(PersonalsController), Object(CakeRequest))
#8 /Applications/XAMPP/xamppfiles/htdocs/cake/sample/lib/Cake/Controller/Controller.php(490): Controller->_getScaffold(Object(CakeRequest))
#9 /Applications/XAMPP/xamppfiles/htdocs/cake/sample/lib/Cake/Routing/Dispatcher.php(187): Controller->invokeAction(Object(CakeRequest))
#10 /Applications/XAMPP/xamppfiles/htdocs/cake/sample/lib/Cake/Routing/Dispatcher.php(162): Dispatcher->_invoke(Object(PersonalsController), Object(CakeRequest), Object(CakeResponse))
#11 /Applications/XAMPP/xamppfiles/htdocs/cake/sample/app/webroot/index.php(109): Dispatcher->dispatch(Object(CakeRequest), Object(CakeResponse))
#12 {main}
2013-06-08 06:18:39 Error: [MissingConnectionException] Database connection "Mysql" is missing, or could not be created.
Exception Attributes: array (
  'class' => 'Mysql',
  'message' => 'SQLSTATE[42000] [1049] Unknown database \'mydatabase\'',
  'enabled' => true,
)
Request URL: /Cake/sample/boards
Stack Trace:
#0 /Applications/XAMPP/xamppfiles/htdocs/Cake/sample/lib/Cake/Model/Datasource/DboSource.php(262): Mysql->connect()
#1 /Applications/XAMPP/xamppfiles/htdocs/Cake/sample/lib/Cake/Model/ConnectionManager.php(107): DboSource->__construct(Array)
#2 /Applications/XAMPP/xamppfiles/htdocs/Cake/sample/lib/Cake/Model/Model.php(3221): ConnectionManager::getDataSource('default')
#3 /Applications/XAMPP/xamppfiles/htdocs/Cake/sample/lib/Cake/Model/Model.php(1108): Model->setDataSource('default')
#4 /Applications/XAMPP/xamppfiles/htdocs/Cake/sample/lib/Cake/Model/Model.php(3243): Model->setSource('boards')
#5 /Applications/XAMPP/xamppfiles/htdocs/Cake/sample/lib/Cake/Model/Model.php(2696): Model->getDataSource()
#6 /Applications/XAMPP/xamppfiles/htdocs/Cake/sample/app/Controller/BoardsController.php(14): Model->find('all')
#7 [internal function]: BoardsController->index()
#8 /Applications/XAMPP/xamppfiles/htdocs/Cake/sample/lib/Cake/Controller/Controller.php(486): ReflectionMethod->invokeArgs(Object(BoardsController), Array)
#9 /Applications/XAMPP/xamppfiles/htdocs/Cake/sample/lib/Cake/Routing/Dispatcher.php(187): Controller->invokeAction(Object(CakeRequest))
#10 /Applications/XAMPP/xamppfiles/htdocs/Cake/sample/lib/Cake/Routing/Dispatcher.php(162): Dispatcher->_invoke(Object(BoardsController), Object(CakeRequest), Object(CakeResponse))
#11 /Applications/XAMPP/xamppfiles/htdocs/Cake/sample/app/webroot/index.php(109): Dispatcher->dispatch(Object(CakeRequest), Object(CakeResponse))
#12 {main}
2013-06-08 06:19:16 Error: [MissingTableException] Table boards for model Board was not found in datasource default.
Exception Attributes: array (
  'table' => 'boards',
  'class' => 'Board',
  'ds' => 'default',
)
Request URL: /Cake/sample/boards
Stack Trace:
#0 /Applications/XAMPP/xamppfiles/htdocs/Cake/sample/lib/Cake/Model/Model.php(3243): Model->setSource('boards')
#1 /Applications/XAMPP/xamppfiles/htdocs/Cake/sample/lib/Cake/Model/Model.php(2696): Model->getDataSource()
#2 /Applications/XAMPP/xamppfiles/htdocs/Cake/sample/app/Controller/BoardsController.php(14): Model->find('all')
#3 [internal function]: BoardsController->index()
#4 /Applications/XAMPP/xamppfiles/htdocs/Cake/sample/lib/Cake/Controller/Controller.php(486): ReflectionMethod->invokeArgs(Object(BoardsController), Array)
#5 /Applications/XAMPP/xamppfiles/htdocs/Cake/sample/lib/Cake/Routing/Dispatcher.php(187): Controller->invokeAction(Object(CakeRequest))
#6 /Applications/XAMPP/xamppfiles/htdocs/Cake/sample/lib/Cake/Routing/Dispatcher.php(162): Dispatcher->_invoke(Object(BoardsController), Object(CakeRequest), Object(CakeResponse))
#7 /Applications/XAMPP/xamppfiles/htdocs/Cake/sample/app/webroot/index.php(109): Dispatcher->dispatch(Object(CakeRequest), Object(CakeResponse))
#8 {main}
2013-06-08 06:20:00 Error: [MissingTableException] Table boards for model Board was not found in datasource default.
Exception Attributes: array (
  'table' => 'boards',
  'class' => 'Board',
  'ds' => 'default',
)
Request URL: /cake/sample/boards
Stack Trace:
#0 /Applications/XAMPP/xamppfiles/htdocs/cake/sample/lib/Cake/Model/Model.php(3243): Model->setSource('boards')
#1 /Applications/XAMPP/xamppfiles/htdocs/cake/sample/lib/Cake/Model/Model.php(2696): Model->getDataSource()
#2 /Applications/XAMPP/xamppfiles/htdocs/cake/sample/app/Controller/BoardsController.php(14): Model->find('all')
#3 [internal function]: BoardsController->index()
#4 /Applications/XAMPP/xamppfiles/htdocs/cake/sample/lib/Cake/Controller/Controller.php(486): ReflectionMethod->invokeArgs(Object(BoardsController), Array)
#5 /Applications/XAMPP/xamppfiles/htdocs/cake/sample/lib/Cake/Routing/Dispatcher.php(187): Controller->invokeAction(Object(CakeRequest))
#6 /Applications/XAMPP/xamppfiles/htdocs/cake/sample/lib/Cake/Routing/Dispatcher.php(162): Dispatcher->_invoke(Object(BoardsController), Object(CakeRequest), Object(CakeResponse))
#7 /Applications/XAMPP/xamppfiles/htdocs/cake/sample/app/webroot/index.php(109): Dispatcher->dispatch(Object(CakeRequest), Object(CakeResponse))
#8 {main}
2013-06-08 06:30:59 Error: [MissingControllerException] Controller class PersonalController could not be found.
Exception Attributes: array (
  'class' => 'PersonalController',
  'plugin' => NULL,
)
Request URL: /Cake/sample/personal
Stack Trace:
#0 /Applications/XAMPP/xamppfiles/htdocs/Cake/sample/app/webroot/index.php(109): Dispatcher->dispatch(Object(CakeRequest), Object(CakeResponse))
#1 {main}
2013-06-08 07:34:39 Error: [MissingViewException] View file "/Applications/XAMPP/xamppfiles/htdocs/cake/sample/app/View/Board/add.ctp" is missing.
Exception Attributes: array (
  'file' => '/Applications/XAMPP/xamppfiles/htdocs/cake/sample/app/View/Board/add.ctp',
)
Request URL: /cake/sample/boards/add
Stack Trace:
#0 /Applications/XAMPP/xamppfiles/htdocs/cake/sample/lib/Cake/View/View.php(468): View->_getViewFileName(NULL)
#1 /Applications/XAMPP/xamppfiles/htdocs/cake/sample/lib/Cake/Controller/Controller.php(948): View->render(NULL, NULL)
#2 /Applications/XAMPP/xamppfiles/htdocs/cake/sample/lib/Cake/Routing/Dispatcher.php(194): Controller->render()
#3 /Applications/XAMPP/xamppfiles/htdocs/cake/sample/lib/Cake/Routing/Dispatcher.php(162): Dispatcher->_invoke(Object(BoardsController), Object(CakeRequest), Object(CakeResponse))
#4 /Applications/XAMPP/xamppfiles/htdocs/cake/sample/app/webroot/index.php(109): Dispatcher->dispatch(Object(CakeRequest), Object(CakeResponse))
#5 {main}
2013-06-08 07:36:11 Error: [MissingViewException] View file "/Applications/XAMPP/xamppfiles/htdocs/cake/sample/app/View/Board/add.ctp" is missing.
Exception Attributes: array (
  'file' => '/Applications/XAMPP/xamppfiles/htdocs/cake/sample/app/View/Board/add.ctp',
)
Request URL: /cake/sample/boards/add
Stack Trace:
#0 /Applications/XAMPP/xamppfiles/htdocs/cake/sample/lib/Cake/View/View.php(468): View->_getViewFileName(NULL)
#1 /Applications/XAMPP/xamppfiles/htdocs/cake/sample/lib/Cake/Controller/Controller.php(948): View->render(NULL, NULL)
#2 /Applications/XAMPP/xamppfiles/htdocs/cake/sample/lib/Cake/Routing/Dispatcher.php(194): Controller->render()
#3 /Applications/XAMPP/xamppfiles/htdocs/cake/sample/lib/Cake/Routing/Dispatcher.php(162): Dispatcher->_invoke(Object(BoardsController), Object(CakeRequest), Object(CakeResponse))
#4 /Applications/XAMPP/xamppfiles/htdocs/cake/sample/app/webroot/index.php(109): Dispatcher->dispatch(Object(CakeRequest), Object(CakeResponse))
#5 {main}
2013-06-08 07:36:39 Error: [MissingViewException] View file "/Applications/XAMPP/xamppfiles/htdocs/cake/sample/app/View/Board/add_record.ctp" is missing.
Exception Attributes: array (
  'file' => '/Applications/XAMPP/xamppfiles/htdocs/cake/sample/app/View/Board/add_record.ctp',
)
Request URL: /cake/sample/boards/addRecord
Stack Trace:
#0 /Applications/XAMPP/xamppfiles/htdocs/cake/sample/lib/Cake/View/View.php(468): View->_getViewFileName(NULL)
#1 /Applications/XAMPP/xamppfiles/htdocs/cake/sample/lib/Cake/Controller/Controller.php(948): View->render(NULL, NULL)
#2 /Applications/XAMPP/xamppfiles/htdocs/cake/sample/lib/Cake/Routing/Dispatcher.php(194): Controller->render()
#3 /Applications/XAMPP/xamppfiles/htdocs/cake/sample/lib/Cake/Routing/Dispatcher.php(162): Dispatcher->_invoke(Object(BoardsController), Object(CakeRequest), Object(CakeResponse))
#4 /Applications/XAMPP/xamppfiles/htdocs/cake/sample/app/webroot/index.php(109): Dispatcher->dispatch(Object(CakeRequest), Object(CakeResponse))
#5 {main}
2013-06-08 07:36:57 Error: [MissingViewException] View file "/Applications/XAMPP/xamppfiles/htdocs/cake/sample/app/View/Board/add_record.ctp" is missing.
Exception Attributes: array (
  'file' => '/Applications/XAMPP/xamppfiles/htdocs/cake/sample/app/View/Board/add_record.ctp',
)
Request URL: /cake/sample/boards/addRecord
Stack Trace:
#0 /Applications/XAMPP/xamppfiles/htdocs/cake/sample/lib/Cake/View/View.php(468): View->_getViewFileName(NULL)
#1 /Applications/XAMPP/xamppfiles/htdocs/cake/sample/lib/Cake/Controller/Controller.php(948): View->render(NULL, NULL)
#2 /Applications/XAMPP/xamppfiles/htdocs/cake/sample/lib/Cake/Routing/Dispatcher.php(194): Controller->render()
#3 /Applications/XAMPP/xamppfiles/htdocs/cake/sample/lib/Cake/Routing/Dispatcher.php(162): Dispatcher->_invoke(Object(BoardsController), Object(CakeRequest), Object(CakeResponse))
#4 /Applications/XAMPP/xamppfiles/htdocs/cake/sample/app/webroot/index.php(109): Dispatcher->dispatch(Object(CakeRequest), Object(CakeResponse))
#5 {main}
2013-06-08 07:50:17 Error: [MissingActionException] Action BoardController::addRecord() could not be found.
Exception Attributes: array (
  'controller' => 'BoardController',
  'action' => 'addRecord',
)
Request URL: /cake/sample/boards/addRecord
Stack Trace:
#0 /Applications/XAMPP/xamppfiles/htdocs/cake/sample/lib/Cake/Routing/Dispatcher.php(187): Controller->invokeAction(Object(CakeRequest))
#1 /Applications/XAMPP/xamppfiles/htdocs/cake/sample/lib/Cake/Routing/Dispatcher.php(162): Dispatcher->_invoke(Object(BoardsController), Object(CakeRequest), Object(CakeResponse))
#2 /Applications/XAMPP/xamppfiles/htdocs/cake/sample/app/webroot/index.php(109): Dispatcher->dispatch(Object(CakeRequest), Object(CakeResponse))
#3 {main}
2013-06-08 07:55:02 Error: [MissingActionException] Action BoardController::show2() could not be found.
Exception Attributes: array (
  'controller' => 'BoardController',
  'action' => 'show2',
)
Request URL: /cake/sample/boards/show2/1
Stack Trace:
#0 /Applications/XAMPP/xamppfiles/htdocs/cake/sample/lib/Cake/Routing/Dispatcher.php(187): Controller->invokeAction(Object(CakeRequest))
#1 /Applications/XAMPP/xamppfiles/htdocs/cake/sample/lib/Cake/Routing/Dispatcher.php(162): Dispatcher->_invoke(Object(BoardsController), Object(CakeRequest), Object(CakeResponse))
#2 /Applications/XAMPP/xamppfiles/htdocs/cake/sample/app/webroot/index.php(109): Dispatcher->dispatch(Object(CakeRequest), Object(CakeResponse))
#3 {main}
2013-06-08 08:10:07 Error: [MissingActionException] Action BoardController::show2() could not be found.
Exception Attributes: array (
  'controller' => 'BoardController',
  'action' => 'show2',
)
Request URL: /cake/sample/boards/show2/1
Stack Trace:
#0 /Applications/XAMPP/xamppfiles/htdocs/cake/sample/lib/Cake/Routing/Dispatcher.php(187): Controller->invokeAction(Object(CakeRequest))
#1 /Applications/XAMPP/xamppfiles/htdocs/cake/sample/lib/Cake/Routing/Dispatcher.php(162): Dispatcher->_invoke(Object(BoardsController), Object(CakeRequest), Object(CakeResponse))
#2 /Applications/XAMPP/xamppfiles/htdocs/cake/sample/app/webroot/index.php(109): Dispatcher->dispatch(Object(CakeRequest), Object(CakeResponse))
#3 {main}
2013-06-08 08:47:52 Error: [MissingControllerException] Controller class BoaardsController could not be found.
Exception Attributes: array (
  'class' => 'BoaardsController',
  'plugin' => NULL,
)
Request URL: /cake/sample/boaards/edit/9
Stack Trace:
#0 /Applications/XAMPP/xamppfiles/htdocs/cake/sample/app/webroot/index.php(109): Dispatcher->dispatch(Object(CakeRequest), Object(CakeResponse))
#1 {main}
2013-06-08 08:49:24 Error: [MissingControllerException] Controller class BoaardsController could not be found.
Exception Attributes: array (
  'class' => 'BoaardsController',
  'plugin' => NULL,
)
Request URL: /cake/sample/boaards/edit/9
Stack Trace:
#0 /Applications/XAMPP/xamppfiles/htdocs/cake/sample/app/webroot/index.php(109): Dispatcher->dispatch(Object(CakeRequest), Object(CakeResponse))
#1 {main}
2013-06-08 08:49:54 Error: [MissingControllerException] Controller class BoaardsController could not be found.
Exception Attributes: array (
  'class' => 'BoaardsController',
  'plugin' => NULL,
)
Request URL: /cake/sample/boaards/edit/9
Stack Trace:
#0 /Applications/XAMPP/xamppfiles/htdocs/cake/sample/app/webroot/index.php(109): Dispatcher->dispatch(Object(CakeRequest), Object(CakeResponse))
#1 {main}
2013-06-08 08:50:46 Error: [MissingControllerException] Controller class BoaardsController could not be found.
Exception Attributes: array (
  'class' => 'BoaardsController',
  'plugin' => NULL,
)
Request URL: /cake/sample/boaards/edit/9
Stack Trace:
#0 /Applications/XAMPP/xamppfiles/htdocs/cake/sample/app/webroot/index.php(109): Dispatcher->dispatch(Object(CakeRequest), Object(CakeResponse))
#1 {main}
2013-06-08 08:50:55 Error: [MissingControllerException] Controller class BoaardsController could not be found.
Exception Attributes: array (
  'class' => 'BoaardsController',
  'plugin' => NULL,
)
Request URL: /cake/sample/boaards/edit/9
Stack Trace:
#0 /Applications/XAMPP/xamppfiles/htdocs/cake/sample/app/webroot/index.php(109): Dispatcher->dispatch(Object(CakeRequest), Object(CakeResponse))
#1 {main}
2013-06-08 08:51:10 Error: [MissingControllerException] Controller class BoaardsController could not be found.
Exception Attributes: array (
  'class' => 'BoaardsController',
  'plugin' => NULL,
)
Request URL: /cake/sample/boaards/edit
Stack Trace:
#0 /Applications/XAMPP/xamppfiles/htdocs/cake/sample/app/webroot/index.php(109): Dispatcher->dispatch(Object(CakeRequest), Object(CakeResponse))
#1 {main}
2013-06-08 08:52:22 Error: [MissingControllerException] Controller class BoaardsController could not be found.
Exception Attributes: array (
  'class' => 'BoaardsController',
  'plugin' => NULL,
)
Request URL: /cake/sample/boaards/edit/9
Stack Trace:
#0 /Applications/XAMPP/xamppfiles/htdocs/cake/sample/app/webroot/index.php(109): Dispatcher->dispatch(Object(CakeRequest), Object(CakeResponse))
#1 {main}
2013-06-08 08:52:38 Error: [MissingControllerException] Controller class BoaardsController could not be found.
Exception Attributes: array (
  'class' => 'BoaardsController',
  'plugin' => NULL,
)
Request URL: /cake/sample/boaards/edit/9
Stack Trace:
#0 /Applications/XAMPP/xamppfiles/htdocs/cake/sample/app/webroot/index.php(109): Dispatcher->dispatch(Object(CakeRequest), Object(CakeResponse))
#1 {main}
2013-06-08 08:52:45 Error: [MissingControllerException] Controller class BoaardsController could not be found.
Exception Attributes: array (
  'class' => 'BoaardsController',
  'plugin' => NULL,
)
Request URL: /cake/sample/boaards/edit/9
Stack Trace:
#0 /Applications/XAMPP/xamppfiles/htdocs/cake/sample/app/webroot/index.php(109): Dispatcher->dispatch(Object(CakeRequest), Object(CakeResponse))
#1 {main}
2013-06-08 09:32:25 Error: [MissingActionException] Action BoardController::edit1() could not be found.
Exception Attributes: array (
  'controller' => 'BoardController',
  'action' => 'edit1',
)
Request URL: /cake/sample/boards/edit1
Stack Trace:
#0 /Applications/XAMPP/xamppfiles/htdocs/cake/sample/lib/Cake/Routing/Dispatcher.php(187): Controller->invokeAction(Object(CakeRequest))
#1 /Applications/XAMPP/xamppfiles/htdocs/cake/sample/lib/Cake/Routing/Dispatcher.php(162): Dispatcher->_invoke(Object(BoardsController), Object(CakeRequest), Object(CakeResponse))
#2 /Applications/XAMPP/xamppfiles/htdocs/cake/sample/app/webroot/index.php(109): Dispatcher->dispatch(Object(CakeRequest), Object(CakeResponse))
#3 {main}
